<?xml version="1.0" encoding="UTF-8"?>
<!-- Generated by org.testng.reporters.JUnitReportReporter -->
<testsuite skipped="0" hostname="Ruchis-MBP" name="scripts.StartJourney" tests="1" failures="0" timestamp="2021-02-07T15:16:39 GMT" time="6.217" errors="0">
  <testcase name="test2" time="6.217" classname="scripts.StartJourney"/>
</testsuite> <!-- scripts.StartJourney -->
